<?xml version="1.0" encoding="UTF-8"?>
<!-- Generated by org.testng.reporters.JUnitReportReporter -->
<testsuite hostname="LAPTOP-I42OKEGF" failures="0" tests="1" name="com.amzon.Testlayer.HomepageTest" time="15.449" errors="0" timestamp="2023-03-09T22:45:59 IST" skipped="0">
  <testcase classname="com.amzon.Testlayer.HomepageTest" name="verifyTheHomeFunctionality" time="15.449"/>
  <system-out/>
</testsuite> <!-- com.amzon.Testlayer.HomepageTest -->
