<?xml version="1.0" encoding="UTF-8"?>
<!-- Generated by org.testng.reporters.JUnitReportReporter -->
<testsuite hostname="LAPTOP-I42OKEGF" failures="0" tests="1" name="com.amazon.TestBase.TestBase" time="13.096" errors="0" timestamp="2023-03-09T18:48:23 IST" skipped="0">
  <testcase classname="com.amazon.TestBase.TestBase" name="test" time="13.096"/>
  <system-out/>
</testsuite> <!-- com.amazon.TestBase.TestBase -->
