<?xml version="1.0" encoding="UTF-8"?>
<!-- Generated by org.testng.reporters.JUnitReportReporter -->
<testsuite hostname="LAPTOP-I42OKEGF" failures="0" tests="1" name="com.amzon.Testlayer.ProductTestPage" time="25.986" errors="0" timestamp="2023-03-10T13:00:24 IST" skipped="0">
  <testcase classname="com.amzon.Testlayer.ProductTestPage" name="verifyRatingFunctionalityisWorking" time="25.986"/>
  <system-out/>
</testsuite> <!-- com.amzon.Testlayer.ProductTestPage -->
